#
# There is insufficient memory for the Java Runtime Environment to continue.
# Native memory allocation (malloc) failed to allocate 92240 bytes. Error detail: Chunk::new
# Possible reasons:
#   The system is out of physical RAM or swap space
#   This process is running with CompressedOops enabled, and the Java Heap may be blocking the growth of the native heap
# Possible solutions:
#   Reduce memory load on the system
#   Increase physical memory or swap space
#   Check if swap backing store is full
#   Decrease Java heap size (-Xmx/-Xms)
#   Decrease number of Java threads
#   Decrease Java thread stack sizes (-Xss)
#   Set larger code cache with -XX:ReservedCodeCacheSize=
#   JVM is running with Unscaled Compressed Oops mode in which the Java heap is
#     placed in the first 4GB address space. The Java Heap base address is the
#     maximum limit for the native heap growth. Please use -XX:HeapBaseMinAddress
#     to set the Java Heap base and to place the Java Heap above 4GB virtual address.
# This output file may be truncated or incomplete.
#
#  Out of Memory Error (arena.cpp:191), pid=26768, tid=23100
#
# JRE version: OpenJDK Runtime Environment Temurin-17.0.13+11 (17.0.13+11) (build 17.0.13+11)
# Java VM: OpenJDK 64-Bit Server VM Temurin-17.0.13+11 (17.0.13+11, mixed mode, sharing, tiered, compressed oops, compressed class ptrs, g1 gc, windows-amd64)
# No core dump will be written. Minidumps are not enabled by default on client versions of Windows
#

---------------  S U M M A R Y ------------

Command Line: -XX:+ShowCodeDetailsInExceptionMessages com.barapp.barapp_backend.BarappBackendApplication

Host: Intel(R) Core(TM) i5-9300HF CPU @ 2.40GHz, 8 cores, 7G,  Windows 11 , 64 bit Build 26100 (10.0.26100.4202)
Time: Tue Jul  1 12:03:33 2025 Paris, Madrid (heure duild 26100 (10.0.26100.4202) elapsed time: 174.672337 seconds (0d 0h 2m 54s)

---------------  T H R E A D  ---------------

Current thread (0x0000022442ab6d30):  JavaThread "C2 CompilerThread0" daemon [_thread_in_native, id=23100, stack(0x0000005dd5100000,0x0000005dd5200000)]


Current CompileTask:
C2: 174672 10664   !   4       java.util.concurrent.locks.AbstractQueuedSynchronizer::acquire (407 bytes)

Stack: [0x0000005dd5100000,0x0000005dd5200000]
Native frames: (J=compiled Java code, j=interpreted, Vv=VM code, C=native code)
V  [jvm.dll+0x682a19]
V  [jvm.dll+0x839538]
V  [jvm.dll+0x83afe3]
V  [jvm.dll+0x83b653]
V  [jvm.dll+0x24704f]
V  [jvm.dll+0xace34]
V  [jvm.dll+0xad4cc]
V  [jvm.dll+0x36597e]
V  [jvm.dll+0x1ba60a]
V  [jvm.dll+0x2181a7]
V  [jvm.dll+0x21748f]
V  [jvm.dll+0x1a3070]
V  [jvm.dll+0x22788c]
V  [jvm.dll+0x2259eb]
V  [jvm.dll+0x7eec98]
V  [jvm.dll+0x7e8ffc]
V  [jvm.dll+0x6818f7]
C  [ucrtbase.dll+0x37b0]
C  [KERNEL32.DLL+0x2e8d7]
C  [ntdll.dll+0x3c34c]


---------------  P R O C E S S  ---------------

Threads class SMR info:
_java_thread_list=0x000002248d6632b0, length=31, elements={
0x0000022442a97900, 0x0000022442a97de0, 0x0000022442aac140, 0x0000022442ab0630,
0x0000022442ab0b10, 0x0000022442ab0ff0, 0x0000022442ab6d30, 0x0000022442ab7860,
0x0000022442ab82a0, 0x00000224432895d0, 0x0000022443292da0, 0x000002248ad10690,
0x000002248ad0fc70, 0x000002248ad115c0, 0x000002248ad0f760, 0x000002248ad10ba0,
0x000002248ad0e320, 0x000002248b0f8130, 0x000002248b0f9a80, 0x000002248b0f67e0,
0x000002248b0fa4a0, 0x000002248b0f9f90, 0x000002248b0f7200, 0x000002248b0f8640,
0x000002248b0f6cf0, 0x000002248b0f8b50, 0x000002248b0f9060, 0x000002248b0fa9b0,
0x000002248b0faec0, 0x000002248b0f7710, 0x000002248b0fb3d0
}

Java Threads: ( => current thread )
  0x0000022442a97900 JavaThread "Reference Handler" daemon [_thread_blocked, id=31472, stack(0x0000005dd4b00000,0x0000005dd4c00000)]
  0x0000022442a97de0 JavaThread "Finalizer" daemon [_thread_blocked, id=19324, stack(0x0000005dd4c00000,0x0000005dd4d00000)]
  0x0000022442aac140 JavaThread "Signal Dispatcher" daemon [_thread_blocked, id=16700, stack(0x0000005dd4d00000,0x0000005dd4e00000)]
  0x0000022442ab0630 JavaThread "Attach Listener" daemon [_thread_blocked, id=27072, stack(0x0000005dd4e00000,0x0000005dd4f00000)]
  0x0000022442ab0b10 JavaThread "Service Thread" daemon [_thread_blocked, id=29284, stack(0x0000005dd4f00000,0x0000005dd5000000)]
  0x0000022442ab0ff0 JavaThread "Monitor Deflation Thread" daemon [_thread_blocked, id=18048, stack(0x0000005dd5000000,0x0000005dd5100000)]
=>0x0000022442ab6d30 JavaThread "C2 CompilerThread0" daemon [_thread_in_native, id=23100, stack(0x0000005dd5100000,0x0000005dd5200000)]
  0x0000022442ab7860 JavaThread "C1 CompilerThread0" daemon [_thread_blocked, id=12168, stack(0x0000005dd5200000,0x0000005dd5300000)]
  0x0000022442ab82a0 JavaThread "Sweeper thread" daemon [_thread_blocked, id=6732, stack(0x0000005dd5300000,0x0000005dd5400000)]
  0x00000224432895d0 JavaThread "Notification Thread" daemon [_thread_blocked, id=15496, stack(0x0000005dd5400000,0x0000005dd5500000)]
  0x0000022443292da0 JavaThread "Common-Cleaner" daemon [_thread_blocked, id=17012, stack(0x0000005dd5600000,0x0000005dd5700000)]
  0x000002248ad10690 JavaThread "Catalina-utility-1" [_thread_blocked, id=22624, stack(0x0000005dd6300000,0x0000005dd6400000)]
  0x000002248ad0fc70 JavaThread "Catalina-utility-2" [_thread_blocked, id=27900, stack(0x0000005dd6400000,0x0000005dd6500000)]
  0x000002248ad115c0 JavaThread "container-0" [_thread_blocked, id=29760, stack(0x0000005dd6500000,0x0000005dd6600000)]
  0x000002248ad0f760 JavaThread "PostgreSQL-JDBC-Cleaner" daemon [_thread_blocked, id=4468, stack(0x0000005dd6700000,0x0000005dd6800000)]
  0x000002248ad10ba0 JavaThread "HikariPool-1:housekeeper" daemon [_thread_blocked, id=23188, stack(0x0000005dd6800000,0x0000005dd6900000)]
  0x000002248ad0e320 JavaThread "File Watcher" daemon [_thread_blocked, id=31664, stack(0x0000005dd6a00000,0x0000005dd6b00000)]
  0x000002248b0f8130 JavaThread "Live Reload Server" daemon [_thread_in_native, id=6060, stack(0x0000005dd6c00000,0x0000005dd6d00000)]
  0x000002248b0f9a80 JavaThread "http-nio-8080-exec-1" daemon [_thread_blocked, id=17124, stack(0x0000005dd6b00000,0x0000005dd6c00000)]
  0x000002248b0f67e0 JavaThread "http-nio-8080-exec-2" daemon [_thread_blocked, id=6128, stack(0x0000005dd6d00000,0x0000005dd6e00000)]
  0x000002248b0fa4a0 JavaThread "http-nio-8080-exec-3" daemon [_thread_blocked, id=30540, stack(0x0000005dd6e00000,0x0000005dd6f00000)]
  0x000002248b0f9f90 JavaThread "http-nio-8080-exec-4" daemon [_thread_blocked, id=26672, stack(0x0000005dd6f00000,0x0000005dd7000000)]
  0x000002248b0f7200 JavaThread "http-nio-8080-exec-5" daemon [_thread_blocked, id=31668, stack(0x0000005dd7000000,0x0000005dd7100000)]
  0x000002248b0f8640 JavaThread "http-nio-8080-exec-6" daemon [_thread_blocked, id=23968, stack(0x0000005dd7100000,0x0000005dd7200000)]
  0x000002248b0f6cf0 JavaThread "http-nio-8080-exec-7" daemon [_thread_blocked, id=13532, stack(0x0000005dd7200000,0x0000005dd7300000)]
  0x000002248b0f8b50 JavaThread "http-nio-8080-exec-8" daemon [_thread_blocked, id=19000, stack(0x0000005dd7300000,0x0000005dd7400000)]
  0x000002248b0f9060 JavaThread "http-nio-8080-exec-9" daemon [_thread_blocked, id=9128, stack(0x0000005dd7400000,0x0000005dd7500000)]
  0x000002248b0fa9b0 JavaThread "http-nio-8080-exec-10" daemon [_thread_blocked, id=21100, stack(0x0000005dd7500000,0x0000005dd7600000)]
  0x000002248b0faec0 JavaThread "http-nio-8080-Poller" daemon [_thread_in_native, id=22632, stack(0x0000005dd7600000,0x0000005dd7700000)]
  0x000002248b0f7710 JavaThread "http-nio-8080-Acceptor" daemon [_thread_in_native, id=31076, stack(0x0000005dd7700000,0x0000005dd7800000)]
  0x000002248b0fb3d0 JavaThread "DestroyJavaVM" [_thread_blocked, id=21648, stack(0x0000005dd4400000,0x0000005dd4500000)]

Other Threads:
  0x0000022442a92190 VMThread "VM Thread" [stack: 0x0000005dd4a00000,0x0000005dd4b00000] [id=3788]
  0x000002244328bac0 WatcherThread [stack: 0x0000005dd5500000,0x0000005dd5600000] [id=19736]
  0x000002242440e4b0 GCTaskThread "GC Thread#0" [stack: 0x0000005dd4500000,0x0000005dd4600000] [id=428]
  0x000002248904df80 GCTaskThread "GC Thread#1" [stack: 0x0000005dd5a00000,0x0000005dd5b00000] [id=29856]
  0x0000022443acd810 GCTaskThread "GC Thread#2" [stack: 0x0000005dd5b00000,0x0000005dd5c00000] [id=31676]
  0x0000022443bc3d10 GCTaskThread "GC Thread#3" [stack: 0x0000005dd5c00000,0x0000005dd5d00000] [id=14172]
  0x0000022443bc3fd0 GCTaskThread "GC Thread#4" [stack: 0x0000005dd5d00000,0x0000005dd5e00000] [id=3780]
  0x0000022443be9460 GCTaskThread "GC Thread#5" [stack: 0x0000005dd5e00000,0x0000005dd5f00000] [id=308]
  0x000002248927c050 GCTaskThread "GC Thread#6" [stack: 0x0000005dd6100000,0x0000005dd6200000] [id=31048]
  0x000002248a52c8d0 GCTaskThread "GC Thread#7" [stack: 0x0000005dd6200000,0x0000005dd6300000] [id=10768]
  0x00000224244201d0 ConcurrentGCThread "G1 Main Marker" [stack: 0x0000005dd4600000,0x0000005dd4700000] [id=27444]
  0x0000022424420bf0 ConcurrentGCThread "G1 Conc#0" [stack: 0x0000005dd4700000,0x0000005dd4800000] [id=16044]
  0x000002248a52d690 ConcurrentGCThread "G1 Conc#1" [stack: 0x0000005dd5f00000,0x0000005dd6000000] [id=27312]
  0x000002242444e7a0 ConcurrentGCThread "G1 Refine#0" [stack: 0x0000005dd4800000,0x0000005dd4900000] [id=17744]
  0x000002244293ee10 ConcurrentGCThread "G1 Service" [stack: 0x0000005dd4900000,0x0000005dd4a00000] [id=24240]

Threads with active compile tasks:
C2 CompilerThread0   174713 10664   !   4       java.util.concurrent.locks.AbstractQueuedSynchronizer::acquire (407 bytes)

VM state: not at safepoint (normal execution)

VM Mutex/Monitor currently owned by a thread: None

Heap address: 0x0000000081200000, size: 2030 MB, Compressed Oops mode: 32-bit

CDS archive(s) mapped at: [0x0000022444000000-0x0000022444bb0000-0x0000022444bb0000), size 12255232, SharedBaseAddress: 0x0000022444000000, ArchiveRelocationMode: 1.
Compressed class space mapped at: 0x0000022445000000-0x0000022485000000, reserved size: 1073741824
Narrow klass base: 0x0000022444000000, Narrow klass shift: 0, Narrow klass range: 0x100000000

GC Precious Log:
 CPUs: 8 total, 8 available
 Memory: 8112M
 Large Page Support: Disabled
 NUMA Support: Disabled
 Compressed Oops: Enabled (32-bit)
 Heap Region Size: 1M
 Heap Min Capacity: 8M
 Heap Initial Capacity: 128M
 Heap Max Capacity: 2030M
 Pre-touch: Disabled
 Parallel Workers: 8
 Concurrent Workers: 2
 Concurrent Refinement Workers: 8
 Periodic GC: Disabled

Heap:
 garbage-first heap   total 76800K, used 60803K [0x0000000081200000, 0x0000000100000000)
  region size 1024K, 28 young (28672K), 1 survivors (1024K)
 Metaspace       used 77576K, committed 78144K, reserved 1179648K
  class space    used 10642K, committed 10880K, reserved 1048576K

Heap Regions: E=young(eden), S=young(survivor), O=old, HS=humongous(starts), HC=humongous(continues), CS=collection set, F=free, OA=open archive, CA=closed archive, TAMS=top-at-mark-start (previous, next)
|   0|0x0000000081200000, 0x0000000081300000, 0x0000000081300000|100%|HS|  |TAMS 0x0000000081300000, 0x0000000081200000| Complete 
|   1|0x0000000081300000, 0x0000000081400000, 0x0000000081400000|100%|HS|  |TAMS 0x0000000081400000, 0x0000000081300000| Complete 
|   2|0x0000000081400000, 0x0000000081500000, 0x0000000081500000|100%| O|  |TAMS 0x0000000081500000, 0x0000000081400000| Untracked 
|   3|0x0000000081500000, 0x0000000081600000, 0x0000000081600000|100%| O|  |TAMS 0x0000000081600000, 0x0000000081500000| Untracked 
|   4|0x0000000081600000, 0x0000000081700000, 0x0000000081700000|100%| O|  |TAMS 0x0000000081700000, 0x0000000081600000| Untracked 
|   5|0x0000000081700000, 0x0000000081700000, 0x0000000081800000|  0%| F|  |TAMS 0x0000000081700000, 0x0000000081700000| Untracked 
|   6|0x0000000081800000, 0x0000000081900000, 0x0000000081900000|100%| O|  |TAMS 0x0000000081900000, 0x0000000081800000| Untracked 
|   7|0x0000000081900000, 0x0000000081a00000, 0x0000000081a00000|100%| O|  |TAMS 0x0000000081a00000, 0x0000000081900000| Untracked 
|   8|0x0000000081a00000, 0x0000000081b00000, 0x0000000081b00000|100%| O|  |TAMS 0x0000000081b00000, 0x0000000081a00000| Untracked 
|   9|0x0000000081b00000, 0x0000000081c00000, 0x0000000081c00000|100%| O|  |TAMS 0x0000000081c00000, 0x0000000081b00000| Untracked 
|  10|0x0000000081c00000, 0x0000000081d00000, 0x0000000081d00000|100%| O|  |TAMS 0x0000000081d00000, 0x0000000081c00000| Untracked 
|  11|0x0000000081d00000, 0x0000000081e00000, 0x0000000081e00000|100%| O|  |TAMS 0x0000000081e00000, 0x0000000081d00000| Untracked 
|  12|0x0000000081e00000, 0x0000000081f00000, 0x0000000081f00000|100%| O|  |TAMS 0x0000000081f00000, 0x0000000081e00000| Untracked 
|  13|0x0000000081f00000, 0x0000000082000000, 0x0000000082000000|100%| O|  |TAMS 0x0000000082000000, 0x0000000081f00000| Untracked 
|  14|0x0000000082000000, 0x0000000082100000, 0x0000000082100000|100%| O|  |TAMS 0x0000000082100000, 0x0000000082000000| Untracked 
|  15|0x0000000082100000, 0x0000000082200000, 0x0000000082200000|100%| O|  |TAMS 0x0000000082200000, 0x0000000082100000| Untracked 
|  16|0x0000000082200000, 0x0000000082300000, 0x0000000082300000|100%| O|  |TAMS 0x0000000082300000, 0x0000000082200000| Untracked 
|  17|0x0000000082300000, 0x0000000082331800, 0x0000000082400000| 19%| O|  |TAMS 0x0000000082331800, 0x0000000082300000| Untracked 
|  18|0x0000000082400000, 0x0000000082500000, 0x0000000082500000|100%| O|  |TAMS 0x0000000082500000, 0x0000000082400000| Untracked 
|  19|0x0000000082500000, 0x0000000082600000, 0x0000000082600000|100%| O|  |TAMS 0x0000000082600000, 0x0000000082500000| Untracked 
|  20|0x0000000082600000, 0x0000000082700000, 0x0000000082700000|100%| O|  |TAMS 0x0000000082700000, 0x0000000082600000| Untracked 
|  21|0x0000000082700000, 0x0000000082800000, 0x0000000082800000|100%| O|  |TAMS 0x0000000082800000, 0x0000000082700000| Untracked 
|  22|0x0000000082800000, 0x0000000082900000, 0x0000000082900000|100%| O|  |TAMS 0x0000000082900000, 0x0000000082800000| Untracked 
|  23|0x0000000082900000, 0x0000000082a00000, 0x0000000082a00000|100%| O|  |TAMS 0x0000000082a00000, 0x0000000082900000| Untracked 
|  24|0x0000000082a00000, 0x0000000082b00000, 0x0000000082b00000|100%| O|  |TAMS 0x0000000082b00000, 0x0000000082a00000| Untracked 
|  25|0x0000000082b00000, 0x0000000082c00000, 0x0000000082c00000|100%| O|  |TAMS 0x0000000082c00000, 0x0000000082b00000| Untracked 
|  26|0x0000000082c00000, 0x0000000082d00000, 0x0000000082d00000|100%| O|  |TAMS 0x0000000082d00000, 0x0000000082c00000| Untracked 
|  27|0x0000000082d00000, 0x0000000082e00000, 0x0000000082e00000|100%| O|  |TAMS 0x0000000082e00000, 0x0000000082d00000| Untracked 
|  28|0x0000000082e00000, 0x0000000082f00000, 0x0000000082f00000|100%| O|  |TAMS 0x0000000082f00000, 0x0000000082e00000| Untracked 
|  29|0x0000000082f00000, 0x0000000083000000, 0x0000000083000000|100%| O|  |TAMS 0x0000000083000000, 0x0000000082f00000| Untracked 
|  30|0x0000000083000000, 0x0000000083000000, 0x0000000083100000|  0%| F|  |TAMS 0x0000000083000000, 0x0000000083000000| Untracked 
|  31|0x0000000083100000, 0x0000000083200000, 0x0000000083200000|100%| O|  |TAMS 0x0000000083200000, 0x0000000083100000| Untracked 
|  32|0x0000000083200000, 0x0000000083300000, 0x0000000083300000|100%| O|  |TAMS 0x0000000083300000, 0x0000000083200000| Untracked 
|  33|0x0000000083300000, 0x0000000083400000, 0x0000000083400000|100%| O|  |TAMS 0x0000000083400000, 0x0000000083300000| Untracked 
|  34|0x0000000083400000, 0x0000000083500000, 0x0000000083500000|100%| O|  |TAMS 0x0000000083500000, 0x0000000083400000| Untracked 
|  35|0x0000000083500000, 0x0000000083600000, 0x0000000083600000|100%| O|  |TAMS 0x0000000083600000, 0x0000000083500000| Untracked 
|  36|0x0000000083600000, 0x0000000083600000, 0x0000000083700000|  0%| F|  |TAMS 0x0000000083600000, 0x0000000083600000| Untracked 
|  37|0x0000000083700000, 0x0000000083700000, 0x0000000083800000|  0%| F|  |TAMS 0x0000000083700000, 0x0000000083700000| Untracked 
|  38|0x0000000083800000, 0x0000000083800000, 0x0000000083900000|  0%| F|  |TAMS 0x0000000083800000, 0x0000000083800000| Untracked 
|  39|0x0000000083900000, 0x0000000083900000, 0x0000000083a00000|  0%| F|  |TAMS 0x0000000083900000, 0x0000000083900000| Untracked 
|  40|0x0000000083a00000, 0x0000000083a00000, 0x0000000083b00000|  0%| F|  |TAMS 0x0000000083a00000, 0x0000000083a00000| Untracked 
|  41|0x0000000083b00000, 0x0000000083b00000, 0x0000000083c00000|  0%| F|  |TAMS 0x0000000083b00000, 0x0000000083b00000| Untracked 
|  42|0x0000000083c00000, 0x0000000083c00000, 0x0000000083d00000|  0%| F|  |TAMS 0x0000000083c00000, 0x0000000083c00000| Untracked 
|  43|0x0000000083d00000, 0x0000000083d2f430, 0x0000000083e00000| 18%| S|CS|TAMS 0x0000000083d00000, 0x0000000083d00000| Complete 
|  44|0x0000000083e00000, 0x0000000083e00000, 0x0000000083f00000|  0%| F|  |TAMS 0x0000000083e00000, 0x0000000083e00000| Untracked 
|  45|0x0000000083f00000, 0x0000000083f00000, 0x0000000084000000|  0%| F|  |TAMS 0x0000000083f00000, 0x0000000083f00000| Untracked 
|  46|0x0000000084000000, 0x0000000084000000, 0x0000000084100000|  0%| F|  |TAMS 0x0000000084000000, 0x0000000084000000| Untracked 
|  47|0x0000000084100000, 0x0000000084100000, 0x0000000084200000|  0%| F|  |TAMS 0x0000000084100000, 0x0000000084100000| Untracked 
|  48|0x0000000084200000, 0x00000000842f00e8, 0x0000000084300000| 93%| E|  |TAMS 0x0000000084200000, 0x0000000084200000| Complete 
|  49|0x0000000084300000, 0x0000000084400000, 0x0000000084400000|100%| E|CS|TAMS 0x0000000084300000, 0x0000000084300000| Complete 
|  50|0x0000000084400000, 0x0000000084500000, 0x0000000084500000|100%| E|CS|TAMS 0x0000000084400000, 0x0000000084400000| Complete 
|  51|0x0000000084500000, 0x0000000084600000, 0x0000000084600000|100%| E|CS|TAMS 0x0000000084500000, 0x0000000084500000| Complete 
|  52|0x0000000084600000, 0x0000000084700000, 0x0000000084700000|100%| E|CS|TAMS 0x0000000084600000, 0x0000000084600000| Complete 
|  53|0x0000000084700000, 0x0000000084800000, 0x0000000084800000|100%| E|CS|TAMS 0x0000000084700000, 0x0000000084700000| Complete 
|  54|0x0000000084800000, 0x0000000084900000, 0x0000000084900000|100%| E|CS|TAMS 0x0000000084800000, 0x0000000084800000| Complete 
|  55|0x0000000084900000, 0x0000000084a00000, 0x0000000084a00000|100%| E|CS|TAMS 0x0000000084900000, 0x0000000084900000| Complete 
|  56|0x0000000084a00000, 0x0000000084b00000, 0x0000000084b00000|100%| E|CS|TAMS 0x0000000084a00000, 0x0000000084a00000| Complete 
|  57|0x0000000084b00000, 0x0000000084c00000, 0x0000000084c00000|100%| E|CS|TAMS 0x0000000084b00000, 0x0000000084b00000| Complete 
|  58|0x0000000084c00000, 0x0000000084d00000, 0x0000000084d00000|100%| E|CS|TAMS 0x0000000084c00000, 0x0000000084c00000| Complete 
|  59|0x0000000084d00000, 0x0000000084e00000, 0x0000000084e00000|100%| E|CS|TAMS 0x0000000084d00000, 0x0000000084d00000| Complete 
|  60|0x0000000084e00000, 0x0000000084f00000, 0x0000000084f00000|100%| E|CS|TAMS 0x0000000084e00000, 0x0000000084e00000| Complete 
|  61|0x0000000084f00000, 0x0000000085000000, 0x0000000085000000|100%| E|CS|TAMS 0x0000000084f00000, 0x0000000084f00000| Complete 
|  62|0x0000000085000000, 0x0000000085100000, 0x0000000085100000|100%| E|CS|TAMS 0x0000000085000000, 0x0000000085000000| Complete 
|  63|0x0000000085100000, 0x0000000085200000, 0x0000000085200000|100%| E|CS|TAMS 0x0000000085100000, 0x0000000085100000| Complete 
|  64|0x0000000085200000, 0x0000000085300000, 0x0000000085300000|100%| E|CS|TAMS 0x0000000085200000, 0x0000000085200000| Complete 
|  65|0x0000000085300000, 0x0000000085400000, 0x0000000085400000|100%| E|CS|TAMS 0x0000000085300000, 0x0000000085300000| Complete 
|  66|0x0000000085400000, 0x0000000085500000, 0x0000000085500000|100%| E|CS|TAMS 0x0000000085400000, 0x0000000085400000| Complete 
|  75|0x0000000085d00000, 0x0000000085e00000, 0x0000000085e00000|100%| E|CS|TAMS 0x0000000085d00000, 0x0000000085d00000| Complete 
|  76|0x0000000085e00000, 0x0000000085f00000, 0x0000000085f00000|100%| E|CS|TAMS 0x0000000085e00000, 0x0000000085e00000| Complete 
|  77|0x0000000085f00000, 0x0000000086000000, 0x0000000086000000|100%| E|CS|TAMS 0x0000000085f00000, 0x0000000085f00000| Complete 
|  78|0x0000000086000000, 0x0000000086100000, 0x0000000086100000|100%| E|CS|TAMS 0x0000000086000000, 0x0000000086000000| Complete 
|  79|0x0000000086100000, 0x0000000086200000, 0x0000000086200000|100%| E|CS|TAMS 0x0000000086100000, 0x0000000086100000| Complete 
|  80|0x0000000086200000, 0x0000000086300000, 0x0000000086300000|100%| E|CS|TAMS 0x0000000086200000, 0x0000000086200000| Complete 
|  81|0x0000000086300000, 0x0000000086400000, 0x0000000086400000|100%| E|CS|TAMS 0x0000000086300000, 0x0000000086300000| Complete 
| 127|0x0000000089100000, 0x0000000089200000, 0x0000000089200000|100%| E|CS|TAMS 0x0000000089100000, 0x0000000089100000| Complete 

Card table byte_map: [0x000002243bd80000,0x000002243c180000] _byte_map_base: 0x000002243b977000

Marking Bits (Prev, Next): (CMBitMap*) 0x000002242440fb20, (CMBitMap*) 0x000002242440fae0
 Prev Bits: [0x000002243e540000, 0x00000224404f8000)
 Next Bits: [0x000002243c580000, 0x000002243e538000)

Polling page: 0x0000022422b80000

Metaspace:

Usage:
  Non-class:     65.37 MB used.
      Class:     10.39 MB used.
       Both:     75.76 MB used.

Virtual space:
  Non-class space:      128.00 MB reserved,      65.69 MB ( 51%) committed,  2 nodes.
      Class space:        1.00 GB reserved,      10.62 MB (  1%) committed,  1 nodes.
             Both:        1.12 GB reserved,      76.31 MB (  7%) committed. 

Chunk freelists:
   Non-Class:  13.92 MB
       Class:  5.25 MB
        Both:  19.17 MB

MaxMetaspaceSize: unlimited
CompressedClassSpaceSize: 1.00 GB
Initial GC threshold: 21.00 MB
Current GC threshold: 127.00 MB
CDS: on
MetaspaceReclaimPolicy: balanced
 - commit_granule_bytes: 65536.
 - commit_granule_words: 8192.
 - virtual_space_node_default_size: 8388608.
 - enlarge_chunks_in_place: 1.
 - new_chunks_are_fully_committed: 0.
 - uncommit_free_chunks: 1.
 - use_allocation_guard: 0.
 - handle_deallocations: 1.


Internal statistics:

num_allocs_failed_limit: 9.
num_arena_births: 866.
num_arena_deaths: 0.
num_vsnodes_births: 3.
num_vsnodes_deaths: 0.
num_space_committed: 1221.
num_space_uncommitted: 0.
num_chunks_returned_to_freelist: 9.
num_chunks_taken_from_freelist: 3686.
num_chunk_merges: 9.
num_chunk_splits: 2734.
num_chunks_enlarged: 2188.
num_inconsistent_stats: 0.

CodeHeap 'non-profiled nmethods': size=120000Kb used=9362Kb max_used=9362Kb free=110637Kb
 bounds [0x00000224339f0000, 0x0000022434320000, 0x000002243af20000]
CodeHeap 'profiled nmethods': size=120000Kb used=14536Kb max_used=18934Kb free=105463Kb
 bounds [0x000002242bf20000, 0x000002242d1a0000, 0x0000022433450000]
CodeHeap 'non-nmethods': size=5760Kb used=1358Kb max_used=1494Kb free=4401Kb
 bounds [0x0000022433450000, 0x00000224336c0000, 0x00000224339f0000]
 total_blobs=9287 nmethods=8599 adapters=599
 compilation: enabled
              stopped_count=0, restarted_count=0
 full_count=0

Compilation events (20 events):
Event: 161.759 Thread 0x0000022442ab6d30 nmethod 10654 0x0000022434300110 code [0x0000022434300280, 0x0000022434300338]
Event: 161.761 Thread 0x0000022442ab6d30 10655       4       org.hibernate.sql.results.jdbc.internal.JdbcValuesResultSetImpl::<init> (272 bytes)
Event: 162.501 Thread 0x0000022442ab6d30 nmethod 10655 0x0000022434300410 code [0x0000022434300b60, 0x0000022434309b88]
Event: 165.604 Thread 0x0000022442ab7860 10656       3       sun.nio.ch.SelectorImpl::selectNow (7 bytes)
Event: 165.604 Thread 0x0000022442ab7860 nmethod 10656 0x000002242c0fbe10 code [0x000002242c0fbfc0, 0x000002242c0fc108]
Event: 165.751 Thread 0x0000022442ab6d30 10657       4       java.util.concurrent.CopyOnWriteArrayList$COWIterator::<init> (15 bytes)
Event: 165.752 Thread 0x0000022442ab6d30 nmethod 10657 0x0000022434312610 code [0x0000022434312780, 0x00000224343128d8]
Event: 166.363 Thread 0x0000022442ab6d30 10658       4       java.nio.channels.spi.AbstractInterruptibleChannel::blockedOn (10 bytes)
Event: 166.365 Thread 0x0000022442ab6d30 nmethod 10658 0x0000022434312990 code [0x0000022434312b20, 0x0000022434312e18]
Event: 167.332 Thread 0x0000022442ab6d30 10659   !   4       java.util.concurrent.locks.AbstractQueuedSynchronizer$ConditionObject::await (183 bytes)
Event: 167.353 Thread 0x0000022442ab6d30 nmethod 10659 0x0000022434312f90 code [0x0000022434313180, 0x0000022434313de8]
Event: 170.613 Thread 0x0000022442ab7860 10660       1       java.util.Calendar::getZone (5 bytes)
Event: 170.613 Thread 0x0000022442ab7860 nmethod 10660 0x0000022434314610 code [0x00000224343147a0, 0x0000022434314878]
Event: 170.613 Thread 0x0000022442ab7860 10661       3       sun.util.locale.provider.LocaleProviderAdapter::getAdapter (177 bytes)
Event: 170.616 Thread 0x0000022442ab7860 nmethod 10661 0x000002242c7b6890 code [0x000002242c7b6be0, 0x000002242c7b8308]
Event: 172.625 Thread 0x0000022442ab7860 10662       3       java.net.DelegatingSocketImpl::setOption (10 bytes)
Event: 172.625 Thread 0x0000022442ab7860 nmethod 10662 0x000002242c3e8390 code [0x000002242c3e8540, 0x000002242c3e8708]
Event: 172.625 Thread 0x0000022442ab7860 10663   !   3       sun.nio.ch.NioSocketImpl::setOption (545 bytes)
Event: 172.628 Thread 0x0000022442ab7860 nmethod 10663 0x000002242c964090 code [0x000002242c9646c0, 0x000002242c9676f8]
Event: 172.638 Thread 0x0000022442ab6d30 10664   !   4       java.util.concurrent.locks.AbstractQueuedSynchronizer::acquire (407 bytes)

GC Heap History (20 events):
Event: 134.403 GC heap before
{Heap before GC invocations=54 (full 0):
 garbage-first heap   total 76800K, used 65867K [0x0000000081200000, 0x0000000100000000)
  region size 1024K, 32 young (32768K), 1 survivors (1024K)
 Metaspace       used 77513K, committed 78080K, reserved 1179648K
  class space    used 10640K, committed 10880K, reserved 1048576K
}
Event: 134.404 GC heap after
{Heap after GC invocations=55 (full 0):
 garbage-first heap   total 76800K, used 34151K [0x0000000081200000, 0x0000000100000000)
  region size 1024K, 1 young (1024K), 1 survivors (1024K)
 Metaspace       used 77513K, committed 78080K, reserved 1179648K
  class space    used 10640K, committed 10880K, reserved 1048576K
}
Event: 135.290 GC heap before
{Heap before GC invocations=55 (full 0):
 garbage-first heap   total 76800K, used 65895K [0x0000000081200000, 0x0000000100000000)
  region size 1024K, 32 young (32768K), 1 survivors (1024K)
 Metaspace       used 77540K, committed 78144K, reserved 1179648K
  class space    used 10641K, committed 10880K, reserved 1048576K
}
Event: 135.291 GC heap after
{Heap after GC invocations=56 (full 0):
 garbage-first heap   total 76800K, used 34147K [0x0000000081200000, 0x0000000100000000)
  region size 1024K, 1 young (1024K), 1 survivors (1024K)
 Metaspace       used 77540K, committed 78144K, reserved 1179648K
  class space    used 10641K, committed 10880K, reserved 1048576K
}
Event: 136.098 GC heap before
{Heap before GC invocations=57 (full 0):
 garbage-first heap   total 76800K, used 65891K [0x0000000081200000, 0x0000000100000000)
  region size 1024K, 32 young (32768K), 1 survivors (1024K)
 Metaspace       used 77547K, committed 78144K, reserved 1179648K
  class space    used 10641K, committed 10880K, reserved 1048576K
}
Event: 136.099 GC heap after
{Heap after GC invocations=58 (full 0):
 garbage-first heap   total 76800K, used 34150K [0x0000000081200000, 0x0000000100000000)
  region size 1024K, 1 young (1024K), 1 survivors (1024K)
 Metaspace       used 77547K, committed 78144K, reserved 1179648K
  class space    used 10641K, committed 10880K, reserved 1048576K
}
Event: 136.988 GC heap before
{Heap before GC invocations=58 (full 0):
 garbage-first heap   total 76800K, used 65894K [0x0000000081200000, 0x0000000100000000)
  region size 1024K, 32 young (32768K), 1 survivors (1024K)
 Metaspace       used 77550K, committed 78144K, reserved 1179648K
  class space    used 10641K, committed 10880K, reserved 1048576K
}
Event: 136.989 GC heap after
{Heap after GC invocations=59 (full 0):
 garbage-first heap   total 76800K, used 34145K [0x0000000081200000, 0x0000000100000000)
  region size 1024K, 1 young (1024K), 1 survivors (1024K)
 Metaspace       used 77550K, committed 78144K, reserved 1179648K
  class space    used 10641K, committed 10880K, reserved 1048576K
}
Event: 139.685 GC heap before
{Heap before GC invocations=60 (full 0):
 garbage-first heap   total 76800K, used 65889K [0x0000000081200000, 0x0000000100000000)
  region size 1024K, 32 young (32768K), 1 survivors (1024K)
 Metaspace       used 77552K, committed 78144K, reserved 1179648K
  class space    used 10641K, committed 10880K, reserved 1048576K
}
Event: 139.686 GC heap after
{Heap after GC invocations=61 (full 0):
 garbage-first heap   total 76800K, used 34139K [0x0000000081200000, 0x0000000100000000)
  region size 1024K, 1 young (1024K), 1 survivors (1024K)
 Metaspace       used 77552K, committed 78144K, reserved 1179648K
  class space    used 10641K, committed 10880K, reserved 1048576K
}
Event: 141.986 GC heap before
{Heap before GC invocations=61 (full 0):
 garbage-first heap   total 76800K, used 65883K [0x0000000081200000, 0x0000000100000000)
  region size 1024K, 32 young (32768K), 1 survivors (1024K)
 Metaspace       used 77555K, committed 78144K, reserved 1179648K
  class space    used 10641K, committed 10880K, reserved 1048576K
}
Event: 141.987 GC heap after
{Heap after GC invocations=62 (full 0):
 garbage-first heap   total 76800K, used 34197K [0x0000000081200000, 0x0000000100000000)
  region size 1024K, 1 young (1024K), 1 survivors (1024K)
 Metaspace       used 77555K, committed 78144K, reserved 1179648K
  class space    used 10641K, committed 10880K, reserved 1048576K
}
Event: 150.890 GC heap before
{Heap before GC invocations=63 (full 0):
 garbage-first heap   total 76800K, used 65941K [0x0000000081200000, 0x0000000100000000)
  region size 1024K, 32 young (32768K), 1 survivors (1024K)
 Metaspace       used 77555K, committed 78144K, reserved 1179648K
  class space    used 10641K, committed 10880K, reserved 1048576K
}
Event: 150.891 GC heap after
{Heap after GC invocations=64 (full 0):
 garbage-first heap   total 76800K, used 34185K [0x0000000081200000, 0x0000000100000000)
  region size 1024K, 1 young (1024K), 1 survivors (1024K)
 Metaspace       used 77555K, committed 78144K, reserved 1179648K
  class space    used 10641K, committed 10880K, reserved 1048576K
}
Event: 162.650 GC heap before
{Heap before GC invocations=64 (full 0):
 garbage-first heap   total 76800K, used 65929K [0x0000000081200000, 0x0000000100000000)
  region size 1024K, 32 young (32768K), 1 survivors (1024K)
 Metaspace       used 77565K, committed 78144K, reserved 1179648K
  class space    used 10642K, committed 10880K, reserved 1048576K
}
Event: 162.653 GC heap after
{Heap after GC invocations=65 (full 0):
 garbage-first heap   total 76800K, used 34194K [0x0000000081200000, 0x0000000100000000)
  region size 1024K, 1 young (1024K), 1 survivors (1024K)
 Metaspace       used 77565K, committed 78144K, reserved 1179648K
  class space    used 10642K, committed 10880K, reserved 1048576K
}
Event: 165.527 GC heap before
{Heap before GC invocations=66 (full 0):
 garbage-first heap   total 76800K, used 65938K [0x0000000081200000, 0x0000000100000000)
  region size 1024K, 32 young (32768K), 1 survivors (1024K)
 Metaspace       used 77565K, committed 78144K, reserved 1179648K
  class space    used 10642K, committed 10880K, reserved 1048576K
}
Event: 165.528 GC heap after
{Heap after GC invocations=67 (full 0):
 garbage-first heap   total 76800K, used 34180K [0x0000000081200000, 0x0000000100000000)
  region size 1024K, 1 young (1024K), 1 survivors (1024K)
 Metaspace       used 77565K, committed 78144K, reserved 1179648K
  class space    used 10642K, committed 10880K, reserved 1048576K
}
Event: 166.311 GC heap before
{Heap before GC invocations=67 (full 0):
 garbage-first heap   total 76800K, used 65924K [0x0000000081200000, 0x0000000100000000)
  region size 1024K, 32 young (32768K), 1 survivors (1024K)
 Metaspace       used 77566K, committed 78144K, reserved 1179648K
  class space    used 10642K, committed 10880K, reserved 1048576K
}
Event: 166.312 GC heap after
{Heap after GC invocations=68 (full 0):
 garbage-first heap   total 76800K, used 34179K [0x0000000081200000, 0x0000000100000000)
  region size 1024K, 1 young (1024K), 1 survivors (1024K)
 Metaspace       used 77566K, committed 78144K, reserved 1179648K
  class space    used 10642K, committed 10880K, reserved 1048576K
}

Dll operation events (11 events):
Event: 0.006 Loaded shared library C:\Program Files\Eclipse Adoptium\jdk-17.0.13.11-hotspot\bin\java.dll
Event: 0.023 Loaded shared library C:\Program Files\Eclipse Adoptium\jdk-17.0.13.11-hotspot\bin\jsvml.dll
Event: 0.081 Loaded shared library C:\Program Files\Eclipse Adoptium\jdk-17.0.13.11-hotspot\bin\net.dll
Event: 0.082 Loaded shared library C:\Program Files\Eclipse Adoptium\jdk-17.0.13.11-hotspot\bin\nio.dll
Event: 0.084 Loaded shared library C:\Program Files\Eclipse Adoptium\jdk-17.0.13.11-hotspot\bin\zip.dll
Event: 0.173 Loaded shared library C:\Program Files\Eclipse Adoptium\jdk-17.0.13.11-hotspot\bin\jimage.dll
Event: 0.371 Loaded shared library C:\Program Files\Eclipse Adoptium\jdk-17.0.13.11-hotspot\bin\management.dll
Event: 0.375 Loaded shared library C:\Program Files\Eclipse Adoptium\jdk-17.0.13.11-hotspot\bin\management_ext.dll
Event: 1.521 Loaded shared library C:\Program Files\Eclipse Adoptium\jdk-17.0.13.11-hotspot\bin\sunmscapi.dll
Event: 3.856 Loaded shared library C:\Program Files\Eclipse Adoptium\jdk-17.0.13.11-hotspot\bin\verify.dll
Event: 4.130 Loaded shared library C:\Program Files\Eclipse Adoptium\jdk-17.0.13.11-hotspot\bin\extnet.dll

Deoptimization events (20 events):
Event: 137.344 Thread 0x000002248b0f67e0 Uncommon trap: trap_request=0xffffff45 fr.pc=0x0000022434150c78 relative=0x0000000000000af8
Event: 137.344 Thread 0x000002248b0f67e0 Uncommon trap: reason=unstable_if action=reinterpret pc=0x0000022434150c78 method=java.util.concurrent.locks.LockSupport.unpark(Ljava/lang/Thread;)V @ 1 c2
Event: 137.344 Thread 0x000002248b0f67e0 DEOPT PACKING pc=0x0000022434150c78 sp=0x0000005dd6dfeed0
Event: 137.344 Thread 0x000002248b0f67e0 DEOPT UNPACKING pc=0x00000224334a69a3 sp=0x0000005dd6dfece0 mode 2
Event: 137.663 Thread 0x000002248b0f9a80 Uncommon trap: trap_request=0xffffff45 fr.pc=0x00000224341233fc relative=0x000000000000063c
Event: 137.663 Thread 0x000002248b0f9a80 Uncommon trap: reason=unstable_if action=reinterpret pc=0x00000224341233fc method=java.util.concurrent.locks.LockSupport.unpark(Ljava/lang/Thread;)V @ 1 c2
Event: 137.663 Thread 0x000002248b0f9a80 DEOPT PACKING pc=0x00000224341233fc sp=0x0000005dd6bff120
Event: 137.663 Thread 0x000002248b0f9a80 DEOPT UNPACKING pc=0x00000224334a69a3 sp=0x0000005dd6bfefb0 mode 2
Event: 138.535 Thread 0x000002248b0fa4a0 Uncommon trap: trap_request=0xffffff45 fr.pc=0x0000022434131130 relative=0x00000000000073d0
Event: 138.535 Thread 0x000002248b0fa4a0 Uncommon trap: reason=unstable_if action=reinterpret pc=0x0000022434131130 method=com.zaxxer.hikari.pool.HikariPool.getConnection(J)Ljava/sql/Connection; @ 67 c2
Event: 138.535 Thread 0x000002248b0fa4a0 DEOPT PACKING pc=0x0000022434131130 sp=0x0000005dd6efdce0
Event: 138.535 Thread 0x000002248b0fa4a0 DEOPT UNPACKING pc=0x00000224334a69a3 sp=0x0000005dd6efd690 mode 2
Event: 139.134 Thread 0x000002248b0f9a80 Uncommon trap: trap_request=0xffffff45 fr.pc=0x00000224342e3e08 relative=0x0000000000000bc8
Event: 139.134 Thread 0x000002248b0f9a80 Uncommon trap: reason=unstable_if action=reinterpret pc=0x00000224342e3e08 method=java.util.concurrent.locks.AbstractQueuedSynchronizer.acquire(Ljava/util/concurrent/locks/AbstractQueuedSynchronizer$Node;IZZZJ)I @ 298 c2
Event: 139.134 Thread 0x000002248b0f9a80 DEOPT PACKING pc=0x00000224342e3e08 sp=0x0000005dd6bff1d0
Event: 139.134 Thread 0x000002248b0f9a80 DEOPT UNPACKING pc=0x00000224334a69a3 sp=0x0000005dd6bff160 mode 2
Event: 141.583 Thread 0x000002248b0f7200 Uncommon trap: trap_request=0xffffff45 fr.pc=0x0000022434129168 relative=0x0000000000000048
Event: 141.583 Thread 0x000002248b0f7200 Uncommon trap: reason=unstable_if action=reinterpret pc=0x0000022434129168 method=java.util.concurrent.locks.LockSupport.unpark(Ljava/lang/Thread;)V @ 1 c2
Event: 141.583 Thread 0x000002248b0f7200 DEOPT PACKING pc=0x0000022434129168 sp=0x0000005dd70ff410
Event: 141.583 Thread 0x000002248b0f7200 DEOPT UNPACKING pc=0x00000224334a69a3 sp=0x0000005dd70ff3a8 mode 2

Classes loaded (20 events):
Event: 21.619 Loading class java/util/function/IntBinaryOperator
Event: 21.619 Loading class java/util/function/IntBinaryOperator done
Event: 21.619 Loading class java/util/stream/ReduceOps$7
Event: 21.619 Loading class java/util/stream/ReduceOps$7 done
Event: 21.619 Loading class java/util/stream/ReduceOps$6ReducingSink
Event: 21.619 Loading class java/util/stream/ReduceOps$6ReducingSink done
Event: 21.619 Loading class java/util/stream/ReferencePipeline$4$1
Event: 21.619 Loading class java/util/stream/ReferencePipeline$4$1 done
Event: 21.625 Loading class java/lang/Throwable$WrappedPrintWriter
Event: 21.625 Loading class java/lang/Throwable$PrintStreamOrWriter
Event: 21.625 Loading class java/lang/Throwable$PrintStreamOrWriter done
Event: 21.625 Loading class java/lang/Throwable$WrappedPrintWriter done
Event: 116.624 Loading class java/util/concurrent/locks/ReentrantReadWriteLock$Sync$HoldCounter
Event: 116.625 Loading class java/util/concurrent/locks/ReentrantReadWriteLock$Sync$HoldCounter done
Event: 116.637 Loading class java/util/concurrent/atomic/Striped64$Cell
Event: 116.638 Loading class java/util/concurrent/atomic/Striped64$Cell done
Event: 119.595 Loading class sun/util/locale/LocaleExtensions
Event: 119.596 Loading class sun/util/locale/LocaleExtensions done
Event: 121.308 Loading class jdk/internal/misc/ScopedMemoryAccess$Scope$Handle
Event: 121.310 Loading class jdk/internal/misc/ScopedMemoryAccess$Scope$Handle done

Classes unloaded (0 events):
No events

Classes redefined (0 events):
No events

Internal exceptions (20 events):
Event: 6.909 Thread 0x0000022443ce66e0 Exception <a 'java/lang/NoSuchMethodError'{0x0000000083f81dd0}: 'java.lang.Object java.lang.invoke.DirectMethodHandle$Holder.invokeInterface(java.lang.Object, java.lang.Object, java.lang.Object, java.lang.Object)'> (0x0000000083f81dd0) 
thrown [s\src\hotspot\share\interpreter\linkResolver.cpp, line 759]
Event: 7.120 Thread 0x0000022443ce66e0 Exception <a 'sun/nio/fs/WindowsException'{0x00000000861b4868}> (0x00000000861b4868) 
thrown [s\src\hotspot\share\prims\jni.cpp, line 516]
Event: 7.167 Thread 0x0000022443ce66e0 Exception <a 'java/lang/IncompatibleClassChangeError'{0x0000000085e52938}: Found class java.lang.Object, but interface was expected> (0x0000000085e52938) 
thrown [s\src\hotspot\share\interpreter\linkResolver.cpp, line 826]
Event: 7.189 Thread 0x0000022443ce66e0 Implicit null exception at 0x0000022433b1e9c6 to 0x0000022433b1edbf
Event: 7.247 Thread 0x0000022443ce66e0 Implicit null exception at 0x0000022433be4d43 to 0x0000022433be519c
Event: 7.285 Thread 0x0000022443ce66e0 Exception <a 'java/lang/IncompatibleClassChangeError'{0x0000000083cc3f88}: Found class java.lang.Object, but interface was expected> (0x0000000083cc3f88) 
thrown [s\src\hotspot\share\interpreter\linkResolver.cpp, line 826]
Event: 7.295 Thread 0x0000022443ce66e0 Implicit null exception at 0x0000022433b6b494 to 0x0000022433b6b50c
Event: 7.321 Thread 0x0000022443ce66e0 Exception <a 'java/lang/NoSuchMethodError'{0x00000000891324a0}: 'java.lang.Object java.lang.invoke.DirectMethodHandle$Holder.invokeSpecial(java.lang.Object, java.lang.Object, java.lang.Object, java.lang.Object, java.lang.Object, java.lang.Object, java.lang.Object, java.lang.Object, java.lang.Object, java.lang.Object, java.lang.Object)'> (0x00000000891324a0) 
thrown [s\src\hotspot\share\interpreter\linkResolver.cpp, line 759]
Event: 7.322 Thread 0x0000022443ce66e0 Exception <a 'java/lang/NoSuchMethodError'{0x0000000089136888}: 'java.lang.Object java.lang.invoke.Invokers$Holder.invoke_MT(java.lang.Object, java.lang.Object, java.lang.Object, java.lang.Object, java.lang.Object, java.lang.Object, java.lang.Object, java.lang.Object, java.lang.Object, java.lang.Object, java.lang.Object)'> (0x0000000089136888) 
thrown [s\src\hotspot\share\interpreter\linkResolver.cpp, line 759]
Event: 7.418 Thread 0x0000022443ce66e0 Exception <a 'java/lang/NoSuchMethodError'{0x000000008619f068}: 'java.lang.Object java.lang.invoke.DirectMethodHandle$Holder.newInvokeSpecial(java.lang.Object, java.lang.Object, int, java.lang.Object, java.lang.Object)'> (0x000000008619f068) 
thrown [s\src\hotspot\share\interpreter\linkResolver.cpp, line 759]
Event: 21.167 Thread 0x000002248b0f7710 Exception <a 'java/lang/NoSuchMethodError'{0x0000000085ef17b0}: 'java.lang.Object java.lang.invoke.DirectMethodHandle$Holder.invokeStaticInit(java.lang.Object, java.lang.Object, java.lang.Object, int, int)'> (0x0000000085ef17b0) 
thrown [s\src\hotspot\share\interpreter\linkResolver.cpp, line 759]
Event: 21.207 Thread 0x000002248b0f9a80 Exception <a 'java/lang/NoSuchMethodError'{0x0000000084455020}: 'java.lang.Object java.lang.invoke.DirectMethodHandle$Holder.invokeSpecial(java.lang.Object, java.lang.Object, java.lang.Object, java.lang.Object, java.lang.Object, long)'> (0x0000000084455020) 
thrown [s\src\hotspot\share\interpreter\linkResolver.cpp, line 759]
Event: 21.207 Thread 0x000002248b0f9a80 Exception <a 'java/lang/NoSuchMethodError'{0x0000000084458c88}: 'java.lang.Object java.lang.invoke.Invokers$Holder.linkToTargetMethod(java.lang.Object, java.lang.Object, java.lang.Object, long, java.lang.Object)'> (0x0000000084458c88) 
thrown [s\src\hotspot\share\interpreter\linkResolver.cpp, line 759]
Event: 21.482 Thread 0x000002248b0f9a80 Exception <a 'java/lang/IncompatibleClassChangeError'{0x0000000085f7bd80}: Found class java.lang.Object, but interface was expected> (0x0000000085f7bd80) 
thrown [s\src\hotspot\share\interpreter\linkResolver.cpp, line 826]
Event: 21.608 Thread 0x000002248b0f67e0 Exception <a 'java/lang/NoSuchMethodError'{0x00000000844bd9e0}: 'java.lang.Object java.lang.invoke.DirectMethodHandle$Holder.invokeStatic(java.lang.Object, int, int)'> (0x00000000844bd9e0) 
thrown [s\src\hotspot\share\interpreter\linkResolver.cpp, line 759]
Event: 87.176 Thread 0x000002248b0f8640 Exception <a 'java/lang/IncompatibleClassChangeError'{0x000000008918f778}: Found class java.lang.Object, but interface was expected> (0x000000008918f778) 
thrown [s\src\hotspot\share\interpreter\linkResolver.cpp, line 826]
Event: 132.204 Thread 0x000002248b0f7200 Implicit null exception at 0x00000224342313ee to 0x00000224342318d4
Event: 132.204 Thread 0x000002248b0f8b50 Implicit null exception at 0x00000224342313ee to 0x00000224342318d4
Event: 132.206 Thread 0x000002248b0f67e0 Implicit null exception at 0x00000224342313ee to 0x00000224342318d4
Event: 132.206 Thread 0x000002248b0fa4a0 Implicit null exception at 0x00000224342313ee to 0x00000224342318d4

VM Operations (20 events):
Event: 154.934 Executing VM operation: Cleanup
Event: 154.934 Executing VM operation: Cleanup done
Event: 158.972 Executing VM operation: Cleanup
Event: 158.972 Executing VM operation: Cleanup done
Event: 162.650 Executing VM operation: G1CollectForAllocation
Event: 162.653 Executing VM operation: G1CollectForAllocation done
Event: 162.698 Executing VM operation: G1PauseRemark
Event: 162.704 Executing VM operation: G1PauseRemark done
Event: 162.723 Executing VM operation: G1PauseCleanup
Event: 162.724 Executing VM operation: G1PauseCleanup done
Event: 165.527 Executing VM operation: G1CollectForAllocation
Event: 165.528 Executing VM operation: G1CollectForAllocation done
Event: 166.311 Executing VM operation: G1CollectForAllocation
Event: 166.312 Executing VM operation: G1CollectForAllocation done
Event: 166.348 Executing VM operation: G1PauseRemark
Event: 166.352 Executing VM operation: G1PauseRemark done
Event: 166.368 Executing VM operation: G1PauseCleanup
Event: 166.368 Executing VM operation: G1PauseCleanup done
Event: 173.434 Executing VM operation: Cleanup
Event: 173.434 Executing VM operation: Cleanup done

Memory protections (0 events):
No events

Nmethod flushes (20 events):
Event: 130.594 Thread 0x0000022442ab82a0 flushing  nmethod 0x000002242d04f310
Event: 130.594 Thread 0x0000022442ab82a0 flushing  nmethod 0x000002242d05e810
Event: 130.594 Thread 0x0000022442ab82a0 flushing  nmethod 0x000002242d064290
Event: 130.594 Thread 0x0000022442ab82a0 flushing  nmethod 0x000002242d067510
Event: 130.594 Thread 0x0000022442ab82a0 flushing  nmethod 0x000002242d070b90
Event: 130.594 Thread 0x0000022442ab82a0 flushing  nmethod 0x000002242d071390
Event: 130.594 Thread 0x0000022442ab82a0 flushing  nmethod 0x000002242d084390
Event: 130.594 Thread 0x0000022442ab82a0 flushing  nmethod 0x000002242d098510
Event: 130.595 Thread 0x0000022442ab82a0 flushing  nmethod 0x000002242d0b0110
Event: 130.595 Thread 0x0000022442ab82a0 flushing  nmethod 0x000002242d0cb810
Event: 130.595 Thread 0x0000022442ab82a0 flushing  nmethod 0x000002242d0e1390
Event: 130.595 Thread 0x0000022442ab82a0 flushing  nmethod 0x000002242d0f6f90
Event: 130.595 Thread 0x0000022442ab82a0 flushing  nmethod 0x000002242d104790
Event: 130.595 Thread 0x0000022442ab82a0 flushing  nmethod 0x000002242d13ee90
Event: 135.005 Thread 0x0000022442ab82a0 flushing  nmethod 0x000002242cc5d390
Event: 135.005 Thread 0x0000022442ab82a0 flushing  nmethod 0x000002242cd72790
Event: 135.006 Thread 0x0000022442ab82a0 flushing  nmethod 0x000002242cef4b90
Event: 135.006 Thread 0x0000022442ab82a0 flushing  nmethod 0x000002242cf3e310
Event: 135.006 Thread 0x0000022442ab82a0 flushing  nmethod 0x000002242cfd8610
Event: 135.007 Thread 0x0000022442ab82a0 flushing  nmethod 0x000002242d0bae90

Events (20 events):
Event: 117.181 Thread 0x0000022442ab7860 Thread added: 0x000002248a354f10
Event: 117.583 Thread 0x000002248a354f10 Thread exited: 0x000002248a354f10
Event: 117.752 Thread 0x0000022442ab7860 Thread added: 0x000002248a354470
Event: 118.845 Thread 0x000002248a354470 Thread exited: 0x000002248a354470
Event: 119.003 Thread 0x0000022442ab6d30 Thread added: 0x000002248a354470
Event: 119.627 Thread 0x000002248b0f9060 Thread added: 0x000002248b0fd740
Event: 120.444 Thread 0x0000022442ab6d30 Thread added: 0x000002248981dd70
Event: 126.483 Thread 0x000002248981dd70 Thread exited: 0x000002248981dd70
Event: 126.570 Thread 0x000002248a354470 Thread exited: 0x000002248a354470
Event: 127.322 Thread 0x0000022442ab7860 Thread added: 0x000002248981e810
Event: 132.512 Thread 0x000002248981e810 Thread exited: 0x000002248981e810
Event: 132.803 Thread 0x0000022442ab6d30 Thread added: 0x000002248981c830
Event: 132.803 Thread 0x0000022442ab6d30 Thread added: 0x000002248981d820
Event: 134.456 Thread 0x000002248981c830 Thread exited: 0x000002248981c830
Event: 134.456 Thread 0x000002248981d820 Thread exited: 0x000002248981d820
Event: 134.924 Thread 0x0000022442ab6d30 Thread added: 0x000002248981d2d0
Event: 135.486 Thread 0x000002248981d2d0 Thread exited: 0x000002248981d2d0
Event: 135.586 Thread 0x000002248b0fd740 Thread exited: 0x000002248b0fd740
Event: 162.714 Thread 0x000002248b0f9060 Thread added: 0x000002248b0fc810
Event: 167.720 Thread 0x000002248b0fc810 Thread exited: 0x000002248b0fc810


Dynamic libraries:
0x00007ff610860000 - 0x00007ff61086e000 	C:\Program Files\Eclipse Adoptium\jdk-17.0.13.11-hotspot\bin\java.exe
0x00007ff8e94e0000 - 0x00007ff8e9745000 	C:\WINDOWS\SYSTEM32\ntdll.dll
0x00007ff8e8110000 - 0x00007ff8e81d9000 	C:\WINDOWS\System32\KERNEL32.DLL
0x00007ff8e6bf0000 - 0x00007ff8e6fd8000 	C:\WINDOWS\System32\KERNELBASE.dll
0x00007ff8e6fe0000 - 0x00007ff8e712b000 	C:\WINDOWS\System32\ucrtbase.dll
0x00007ff8c8710000 - 0x00007ff8c8727000 	C:\Program Files\Eclipse Adoptium\jdk-17.0.13.11-hotspot\bin\jli.dll
0x00007ff8bdc50000 - 0x00007ff8bdc6e000 	C:\Program Files\Eclipse Adoptium\jdk-17.0.13.11-hotspot\bin\VCRUNTIME140.dll
0x00007ff8e8f40000 - 0x00007ff8e910a000 	C:\WINDOWS\System32\USER32.dll
0x00007ff8e6bc0000 - 0x00007ff8e6be7000 	C:\WINDOWS\System32\win32u.dll
0x00007ff8d1770000 - 0x00007ff8d1a0a000 	C:\WINDOWS\WinSxS\amd64_microsoft.windows.common-controls_6595b64144ccf1df_6.0.26100.4202_none_3e0698d4e335f517\COMCTL32.dll
0x00007ff8e7640000 - 0x00007ff8e766b000 	C:\WINDOWS\System32\GDI32.dll
0x00007ff8e8e90000 - 0x00007ff8e8f39000 	C:\WINDOWS\System32\msvcrt.dll
0x00007ff8e6840000 - 0x00007ff8e6977000 	C:\WINDOWS\System32\gdi32full.dll
0x00007ff8e71d0000 - 0x00007ff8e7273000 	C:\WINDOWS\System32\msvcp_win.dll
0x00007ff8e7fd0000 - 0x00007ff8e8000000 	C:\WINDOWS\System32\IMM32.DLL
0x00007ff8d3340000 - 0x00007ff8d334c000 	C:\Program Files\Eclipse Adoptium\jdk-17.0.13.11-hotspot\bin\vcruntime140_1.dll
0x00007ff891ad0000 - 0x00007ff891b5d000 	C:\Program Files\Eclipse Adoptium\jdk-17.0.13.11-hotspot\bin\msvcp140.dll
0x00007ff809f60000 - 0x00007ff80abcb000 	C:\Program Files\Eclipse Adoptium\jdk-17.0.13.11-hotspot\bin\server\jvm.dll
0x00007ff8e7c80000 - 0x00007ff8e7d33000 	C:\WINDOWS\System32\ADVAPI32.dll
0x00007ff8e7960000 - 0x00007ff8e7a06000 	C:\WINDOWS\System32\sechost.dll
0x00007ff8e9310000 - 0x00007ff8e9425000 	C:\WINDOWS\System32\RPCRT4.dll
0x00007ff8e77e0000 - 0x00007ff8e7854000 	C:\WINDOWS\System32\WS2_32.dll
0x00007ff8e5220000 - 0x00007ff8e527e000 	C:\WINDOWS\SYSTEM32\POWRPROF.dll
0x00007ff8dae20000 - 0x00007ff8dae55000 	C:\WINDOWS\SYSTEM32\WINMM.dll
0x00007ff8df420000 - 0x00007ff8df42b000 	C:\WINDOWS\SYSTEM32\VERSION.dll
0x00007ff8e5200000 - 0x00007ff8e5214000 	C:\WINDOWS\SYSTEM32\UMPDC.dll
0x00007ff8e54f0000 - 0x00007ff8e550b000 	C:\WINDOWS\SYSTEM32\kernel.appcore.dll
0x00007ff8d2460000 - 0x00007ff8d246a000 	C:\Program Files\Eclipse Adoptium\jdk-17.0.13.11-hotspot\bin\jimage.dll
0x00007ff8e3650000 - 0x00007ff8e3891000 	C:\WINDOWS\SYSTEM32\DBGHELP.DLL
0x00007ff8e72b0000 - 0x00007ff8e7635000 	C:\WINDOWS\System32\combase.dll
0x00007ff8e9120000 - 0x00007ff8e9201000 	C:\WINDOWS\System32\OLEAUT32.dll
0x00007ff8d9d90000 - 0x00007ff8d9dc9000 	C:\WINDOWS\SYSTEM32\dbgcore.DLL
0x00007ff8e7130000 - 0x00007ff8e71c9000 	C:\WINDOWS\System32\bcryptPrimitives.dll
0x00007ff8bdc20000 - 0x00007ff8bdc45000 	C:\Program Files\Eclipse Adoptium\jdk-17.0.13.11-hotspot\bin\java.dll
0x00007ff891550000 - 0x00007ff891627000 	C:\Program Files\Eclipse Adoptium\jdk-17.0.13.11-hotspot\bin\jsvml.dll
0x00007ff8e81e0000 - 0x00007ff8e8922000 	C:\WINDOWS\System32\SHELL32.dll
0x00007ff8e6980000 - 0x00007ff8e6af4000 	C:\WINDOWS\System32\wintypes.dll
0x00007ff8e4270000 - 0x00007ff8e4ac8000 	C:\WINDOWS\SYSTEM32\windows.storage.dll
0x00007ff8e8010000 - 0x00007ff8e8101000 	C:\WINDOWS\System32\SHCORE.dll
0x00007ff8e9430000 - 0x00007ff8e949a000 	C:\WINDOWS\System32\shlwapi.dll
0x00007ff8e6540000 - 0x00007ff8e656f000 	C:\WINDOWS\SYSTEM32\profapi.dll
0x00007ff8ba850000 - 0x00007ff8ba869000 	C:\Program Files\Eclipse Adoptium\jdk-17.0.13.11-hotspot\bin\net.dll
0x00007ff8deb20000 - 0x00007ff8dec3e000 	C:\WINDOWS\SYSTEM32\WINHTTP.dll
0x00007ff8e5a80000 - 0x00007ff8e5aea000 	C:\WINDOWS\system32\mswsock.dll
0x00007ff8b92c0000 - 0x00007ff8b92d6000 	C:\Program Files\Eclipse Adoptium\jdk-17.0.13.11-hotspot\bin\nio.dll
0x00007ff8b9240000 - 0x00007ff8b9258000 	C:\Program Files\Eclipse Adoptium\jdk-17.0.13.11-hotspot\bin\zip.dll
0x00007ff8cf390000 - 0x00007ff8cf39a000 	C:\Program Files\Eclipse Adoptium\jdk-17.0.13.11-hotspot\bin\management.dll
0x00007ff8ccd90000 - 0x00007ff8ccd9b000 	C:\Program Files\Eclipse Adoptium\jdk-17.0.13.11-hotspot\bin\management_ext.dll
0x00007ff8e8930000 - 0x00007ff8e8938000 	C:\WINDOWS\System32\PSAPI.DLL
0x00007ff8cc590000 - 0x00007ff8cc59e000 	C:\Program Files\Eclipse Adoptium\jdk-17.0.13.11-hotspot\bin\sunmscapi.dll
0x00007ff8e66c0000 - 0x00007ff8e6837000 	C:\WINDOWS\System32\CRYPT32.dll
0x00007ff8e5f50000 - 0x00007ff8e5f80000 	C:\WINDOWS\SYSTEM32\ncrypt.dll
0x00007ff8e5f00000 - 0x00007ff8e5f3f000 	C:\WINDOWS\SYSTEM32\NTASN1.dll
0x00007ff8e5d40000 - 0x00007ff8e5d5b000 	C:\WINDOWS\SYSTEM32\CRYPTSP.dll
0x00007ff8e5450000 - 0x00007ff8e548a000 	C:\WINDOWS\system32\rsaenh.dll
0x00007ff8e5b20000 - 0x00007ff8e5b4b000 	C:\WINDOWS\SYSTEM32\USERENV.dll
0x00007ff8e6510000 - 0x00007ff8e6536000 	C:\WINDOWS\SYSTEM32\bcrypt.dll
0x00007ff8e5d30000 - 0x00007ff8e5d3c000 	C:\WINDOWS\SYSTEM32\CRYPTBASE.dll
0x00007ff8e4ef0000 - 0x00007ff8e4f23000 	C:\WINDOWS\SYSTEM32\IPHLPAPI.DLL
0x00007ff8e9110000 - 0x00007ff8e911a000 	C:\WINDOWS\System32\NSI.dll
0x00007ff8df430000 - 0x00007ff8df44f000 	C:\WINDOWS\SYSTEM32\dhcpcsvc6.DLL
0x00007ff8deaf0000 - 0x00007ff8deb15000 	C:\WINDOWS\SYSTEM32\dhcpcsvc.DLL
0x00007ff8e4f30000 - 0x00007ff8e5057000 	C:\WINDOWS\SYSTEM32\DNSAPI.dll
0x00007ff8cbcf0000 - 0x00007ff8cbd00000 	C:\Program Files\Eclipse Adoptium\jdk-17.0.13.11-hotspot\bin\verify.dll
0x00007ff8da460000 - 0x00007ff8da46b000 	C:\Windows\System32\rasadhlp.dll
0x00007ff8de0e0000 - 0x00007ff8de166000 	C:\WINDOWS\System32\fwpuclnt.dll
0x00007ff8cb970000 - 0x00007ff8cb979000 	C:\Program Files\Eclipse Adoptium\jdk-17.0.13.11-hotspot\bin\extnet.dll
0x00007ff8aaa50000 - 0x00007ff8aaa58000 	C:\WINDOWS\system32\wshunix.dll

dbghelp: loaded successfully - version: 4.0.5 - missing functions: none
symbol engine: initialized successfully - sym options: 0x614 - pdb path: .;C:\Program Files\Eclipse Adoptium\jdk-17.0.13.11-hotspot\bin;C:\WINDOWS\SYSTEM32;C:\WINDOWS\WinSxS\amd64_microsoft.windows.common-controls_6595b64144ccf1df_6.0.26100.4202_none_3e0698d4e335f517;C:\Program Files\Eclipse Adoptium\jdk-17.0.13.11-hotspot\bin\server

VM Arguments:
jvm_args: -XX:+ShowCodeDetailsInExceptionMessages 
java_command: com.barapp.barapp_backend.BarappBackendApplication
java_class_path (initial): C:\Users\petit\Desktop\barapp-backend\barapp-backend\target\classes;C:\Users\petit\.m2\repository\org\springframework\boot\spring-boot-starter-data-jpa\3.5.3\spring-boot-starter-data-jpa-3.5.3.jar;C:\Users\petit\.m2\repository\org\springframework\boot\spring-boot-starter\3.5.3\spring-boot-starter-3.5.3.jar;C:\Users\petit\.m2\repository\org\springframework\boot\spring-boot-starter-logging\3.5.3\spring-boot-starter-logging-3.5.3.jar;C:\Users\petit\.m2\repository\ch\qos\logback\logback-classic\1.5.18\logback-classic-1.5.18.jar;C:\Users\petit\.m2\repository\ch\qos\logback\logback-core\1.5.18\logback-core-1.5.18.jar;C:\Users\petit\.m2\repository\org\apache\logging\log4j\log4j-to-slf4j\2.24.3\log4j-to-slf4j-2.24.3.jar;C:\Users\petit\.m2\repository\org\apache\logging\log4j\log4j-api\2.24.3\log4j-api-2.24.3.jar;C:\Users\petit\.m2\repository\org\slf4j\jul-to-slf4j\2.0.17\jul-to-slf4j-2.0.17.jar;C:\Users\petit\.m2\repository\jakarta\annotation\jakarta.annotation-api\2.1.1\jakarta.annotation-api-2.1.1.jar;C:\Users\petit\.m2\repository\org\yaml\snakeyaml\2.4\snakeyaml-2.4.jar;C:\Users\petit\.m2\repository\org\springframework\boot\spring-boot-starter-jdbc\3.5.3\spring-boot-starter-jdbc-3.5.3.jar;C:\Users\petit\.m2\repository\com\zaxxer\HikariCP\6.3.0\HikariCP-6.3.0.jar;C:\Users\petit\.m2\repository\org\springframework\spring-jdbc\6.2.8\spring-jdbc-6.2.8.jar;C:\Users\petit\.m2\repository\org\hibernate\orm\hibernate-core\6.6.18.Final\hibernate-core-6.6.18.Final.jar;C:\Users\petit\.m2\repository\jakarta\persistence\jakarta.persistence-api\3.1.0\jakarta.persistence-api-3.1.0.jar;C:\Users\petit\.m2\repository\jakarta\transaction\jakarta.transaction-api\2.0.1\jakarta.transaction-api-2.0.1.jar;C:\Users\petit\.m2\repository\org\jboss\logging\jboss-logging\3.6.1.Final\jboss-logging-3.6.1.Final.jar;C:\Users\petit\.m2\repository\org\hibernate\common\hibernate-commons-annotations\7.0.3.Final\hibernate-commons-annotations-7.0.3.Final.jar;C:\Users\petit\.m2\reposi
Launcher Type: SUN_STANDARD

[Global flags]
     intx CICompilerCount                          = 4                                         {product} {ergonomic}
     uint ConcGCThreads                            = 2                                         {product} {ergonomic}
     uint G1ConcRefinementThreads                  = 8                                         {product} {ergonomic}
   size_t G1HeapRegionSize                         = 1048576                                   {product} {ergonomic}
    uintx GCDrainStackTargetSize                   = 64                                        {product} {ergonomic}
   size_t InitialHeapSize                          = 134217728                                 {product} {ergonomic}
   size_t MarkStackSize                            = 4194304                                   {product} {ergonomic}
   size_t MaxHeapSize                              = 2128609280                                {product} {ergonomic}
   size_t MaxNewSize                               = 1277165568                                {product} {ergonomic}
   size_t MinHeapDeltaBytes                        = 1048576                                   {product} {ergonomic}
   size_t MinHeapSize                              = 8388608                                   {product} {ergonomic}
    uintx NonNMethodCodeHeapSize                   = 5839372                                {pd product} {ergonomic}
    uintx NonProfiledCodeHeapSize                  = 122909434                              {pd product} {ergonomic}
    uintx ProfiledCodeHeapSize                     = 122909434                              {pd product} {ergonomic}
    uintx ReservedCodeCacheSize                    = 251658240                              {pd product} {ergonomic}
     bool SegmentedCodeCache                       = true                                      {product} {ergonomic}
     bool ShowCodeDetailsInExceptionMessages       = true                                   {manageable} {command line}
   size_t SoftMaxHeapSize                          = 2128609280                             {manageable} {ergonomic}
     bool UseCompressedClassPointers               = true                           {product lp64_product} {ergonomic}
     bool UseCompressedOops                        = true                           {product lp64_product} {ergonomic}
     bool UseG1GC                                  = true                                      {product} {ergonomic}
     bool UseLargePagesIndividualAllocation        = false                                  {pd product} {ergonomic}

Logging:
Log output configuration:
 #0: stdout all=warning uptime,level,tags
 #1: stderr all=off uptime,level,tags

Environment Variables:
JAVA_HOME=C:\Program Files\Java\jdk-22
PATH=C:\Program Files\Eclipse Adoptium\jdk-17.0.13.11-hotspot\bin;C:\Program Files\Common Files\Oracle\Java\javapath;C:\Python311\Scripts\;C:\Python311\;C:\Windows\system32;C:\Windows;C:\Windows\System32\Wbem;C:\Windows\System32\WindowsPowerShell\v1.0\;C:\Windows\System32\OpenSSH\;C:\Program Files (x86)\NVIDIA Corporation\PhysX\Common;C:\Program Files\NVIDIA Corporation\NVIDIA NvDLISR;C:\WINDOWS\system32;C:\WINDOWS;C:\WINDOWS\System32\Wbem;C:\WINDOWS\System32\WindowsPowerShell\v1.0\;C:\WINDOWS\System32\OpenSSH\;C:\Program Files\Git\cmd;C:\ProgramData\chocolatey\bin;C:\Program Files\nodejs\;C:\Program Files (x86)\dotnet\;C:\MAMP\bin\php\php8.2;C:\ProgramData\ComposerSetup\bin;;C:\Program Files\Docker\Docker\resources\bin;C:\Users\petit\scoop\shims;C:\MAMP\bin\php\php8.2;C:\Users\petit\AppData\Local\Microsoft\WindowsApps;C:\Program Files (x86)\Brackets\;C:\Users\petit\AppData\Local\Programs\Microsoft VS Code\bin;C:\ProgramData\petit\GitHubDesktop\bin;C:\Users\petit\AppData\Roaming\npm;C:\Users\petit\AppData\Roaming\Composer\vendor\bin;C:\apache-maven-3.9.9-bin\apache-maven-3.9.9\bin;
USERNAME=petit
LANG=en_US.UTF-8
OS=Windows_NT
PROCESSOR_IDENTIFIER=Intel64 Family 6 Model 158 Stepping 13, GenuineIntel
TMP=C:\Users\petit\AppData\Local\Temp
TEMP=C:\Users\petit\AppData\Local\Temp



Periodic native trim disabled


---------------  S Y S T E M  ---------------

OS:
 Windows 11 , 64 bit Build 26100 (10.0.26100.4202)
OS uptime: 14 days 2:44 hours
Hyper-V role detected

CPU: total 8 (initial active 8) (4 cores per cpu, 2 threads per core) family 6 model 158 stepping 13 microcode 0xde, cx8, cmov, fxsr, ht, mmx, 3dnowpref, sse, sse2, sse3, ssse3, sse4.1, sse4.2, popcnt, lzcnt, tsc, tscinvbit, avx, avx2, aes, erms, clmul, bmi1, bmi2, adx, fma, vzeroupper, clflush, clflushopt, hv
Processor Information for all 8 processors :
  Max Mhz: 2400, Current Mhz: 2400, Mhz Limit: 2400

Memory: 4k page, system-wide physical 8112M (2136M free)
TotalPageFile size 32688M (AvailPageFile size 3M)
current process WorkingSet (physical memory assigned to process): 205M, peak: 328M
current process commit charge ("private bytes"): 303M, peak: 366M

vm_info: OpenJDK 64-Bit Server VM (17.0.13+11) for windows-amd64 JRE (17.0.13+11), built on Oct 16 2024 00:10:08 by "admin" with MS VC++ 17.7 (VS2022)

END.
